2024-12-27 17:31:34,721 - INFO - === 便签程序启动 ===
2024-12-27 17:31:34,721 - INFO - 开始初始化便签程序
2024-12-27 17:31:34,815 - DEBUG - 主窗口创建成功
2024-12-27 17:31:34,816 - DEBUG - 窗口基本设置完成
2024-12-27 17:31:34,816 - DEBUG - 开始创建UI组件
2024-12-27 17:31:35,230 - DEBUG - 设置透明度: 1.0
2024-12-27 17:31:35,239 - DEBUG - UI组件创建完成
2024-12-27 17:31:35,240 - DEBUG - UI组件创建完成
2024-12-27 17:31:35,240 - INFO - 开始加载便签内容
2024-12-27 17:31:35,240 - DEBUG - 找到内容文件
2024-12-27 17:31:35,241 - DEBUG - 读取到内容，长度: 0
2024-12-27 17:31:38,617 - DEBUG - 开始自动保存
2024-12-27 17:31:38,618 - DEBUG - 内容已保存，长度: 0
2024-12-27 17:31:38,793 - DEBUG - 开始自动保存
2024-12-27 17:31:38,794 - DEBUG - 内容已保存，长度: 0
2024-12-27 17:31:38,986 - DEBUG - 开始自动保存
2024-12-27 17:31:38,987 - DEBUG - 内容已保存，长度: 0
2024-12-27 17:31:39,590 - DEBUG - 开始自动保存
2024-12-27 17:31:39,591 - DEBUG - 内容已保存，长度: 1
2024-12-27 17:31:39,594 - DEBUG - 开始自动保存
2024-12-27 17:31:39,595 - DEBUG - 内容已保存，长度: 2
2024-12-27 17:31:39,596 - DEBUG - 开始自动保存
2024-12-27 17:31:39,597 - DEBUG - 内容已保存，长度: 3
2024-12-27 17:31:39,652 - DEBUG - 开始自动保存
2024-12-27 17:31:39,653 - DEBUG - 内容已保存，长度: 3
2024-12-27 17:31:42,031 - DEBUG - 开始自动保存
2024-12-27 17:31:42,033 - DEBUG - 内容已保存，长度: 2
2024-12-27 17:31:42,385 - DEBUG - 开始自动保存
2024-12-27 17:31:42,390 - DEBUG - 内容已保存，长度: 1
2024-12-27 17:31:42,598 - DEBUG - 开始自动保存
2024-12-27 17:31:42,599 - DEBUG - 内容已保存，长度: 0
2024-12-27 17:31:42,947 - DEBUG - 开始自动保存
2024-12-27 17:31:42,948 - DEBUG - 内容已保存，长度: 0
2024-12-27 19:44:46,867 - INFO - === 便签程序启动 ===
2024-12-27 19:44:46,867 - INFO - 初始化便签 bfa8a240-3f3c-48cf-ad63-40e33d57c6e3
2024-12-27 19:44:46,927 - DEBUG - 窗口基本设置完成
2024-12-27 19:44:46,927 - DEBUG - 开始创建UI组件
2024-12-27 19:44:47,354 - DEBUG - 设置透明度: 1.0
2024-12-27 19:44:47,369 - DEBUG - UI组件创建完成
2024-12-27 19:44:47,370 - DEBUG - UI组件创建完成
2024-12-27 19:44:47,370 - INFO - 开始加载便签内容
2024-12-27 19:44:47,370 - DEBUG - 找到内容文件
2024-12-27 19:44:47,370 - DEBUG - 读取到内容，长度: 0
2024-12-27 19:44:56,324 - INFO - === 便签程序启动 ===
2024-12-27 19:44:56,324 - INFO - 初始化便签 b2de2148-d5dd-40dd-a834-59fb05a62c52
2024-12-27 19:44:56,325 - DEBUG - 窗口基本设置完成
2024-12-27 19:44:56,325 - DEBUG - 开始创建UI组件
2024-12-27 19:44:56,328 - DEBUG - 设置透明度: 1.0
2024-12-27 19:44:56,329 - DEBUG - UI组件创建完成
2024-12-27 19:44:56,329 - DEBUG - UI组件创建完成
2024-12-27 19:44:56,330 - INFO - 开始加载便签内容
2024-12-27 19:44:56,330 - DEBUG - 找到内容文件
2024-12-27 19:44:56,331 - DEBUG - 读取到内容，长度: 0
2024-12-27 19:45:03,543 - DEBUG - 开始自动保存
2024-12-27 19:45:03,544 - DEBUG - 内容已保存，长度: 0
2024-12-27 19:45:04,379 - DEBUG - 开始自动保存
2024-12-27 19:45:04,379 - DEBUG - 内容已保存，长度: 0
2024-12-27 19:45:04,564 - DEBUG - 开始自动保存
2024-12-27 19:45:04,565 - DEBUG - 内容已保存，长度: 0
2024-12-27 19:45:04,868 - DEBUG - 开始自动保存
2024-12-27 19:45:04,869 - DEBUG - 内容已保存，长度: 0
2024-12-27 19:45:05,433 - DEBUG - 开始自动保存
2024-12-27 19:45:05,434 - DEBUG - 内容已保存，长度: 0
2024-12-27 19:45:05,544 - DEBUG - 开始自动保存
2024-12-27 19:45:05,545 - DEBUG - 内容已保存，长度: 0
2024-12-27 19:45:06,029 - DEBUG - 开始自动保存
2024-12-27 19:45:06,030 - DEBUG - 内容已保存，长度: 0
2024-12-27 19:45:06,711 - DEBUG - 开始自动保存
2024-12-27 19:45:06,712 - DEBUG - 内容已保存，长度: 1
2024-12-27 19:45:06,712 - DEBUG - 开始自动保存
2024-12-27 19:45:06,713 - DEBUG - 内容已保存，长度: 2
2024-12-27 19:45:06,713 - DEBUG - 开始自动保存
2024-12-27 19:45:06,714 - DEBUG - 内容已保存，长度: 3
2024-12-27 19:45:06,714 - DEBUG - 开始自动保存
2024-12-27 19:45:06,715 - DEBUG - 内容已保存，长度: 4
2024-12-27 19:45:06,716 - DEBUG - 开始自动保存
2024-12-27 19:45:06,717 - DEBUG - 内容已保存，长度: 5
2024-12-27 19:45:06,718 - DEBUG - 开始自动保存
2024-12-27 19:45:06,719 - DEBUG - 内容已保存，长度: 6
2024-12-27 19:45:06,719 - DEBUG - 开始自动保存
2024-12-27 19:45:06,720 - DEBUG - 内容已保存，长度: 7
2024-12-27 19:45:06,820 - DEBUG - 开始自动保存
2024-12-27 19:45:06,821 - DEBUG - 内容已保存，长度: 7
2024-12-27 19:45:07,423 - DEBUG - 开始自动保存
2024-12-27 19:45:07,424 - DEBUG - 内容已保存，长度: 8
2024-12-27 19:45:09,689 - INFO - === 便签程序启动 ===
2024-12-27 19:45:09,689 - INFO - 初始化便签 22bcbd83-7387-488c-8b22-a90fe968c271
2024-12-27 19:45:09,689 - DEBUG - 窗口基本设置完成
2024-12-27 19:45:09,690 - DEBUG - 开始创建UI组件
2024-12-27 19:45:09,692 - DEBUG - 设置透明度: 1.0
2024-12-27 19:45:09,693 - DEBUG - UI组件创建完成
2024-12-27 19:45:09,693 - DEBUG - UI组件创建完成
2024-12-27 19:45:09,694 - INFO - 开始加载便签内容
2024-12-27 19:45:09,694 - DEBUG - 找到内容文件
2024-12-27 19:45:09,694 - DEBUG - 读取到内容，长度: 8
2024-12-27 19:45:14,007 - DEBUG - 开始自动保存
2024-12-27 19:45:14,008 - DEBUG - 内容已保存，长度: 0
2024-12-27 19:45:34,042 - INFO - === 便签程序启动 ===
2024-12-27 19:45:34,042 - INFO - 初始化便签 9f2c999b-0960-4651-b7ca-b9a0c94ec2f5
2024-12-27 19:45:34,042 - DEBUG - 窗口基本设置完成
2024-12-27 19:45:34,042 - DEBUG - 开始创建UI组件
2024-12-27 19:45:34,045 - DEBUG - 设置透明度: 1.0
2024-12-27 19:45:34,046 - DEBUG - UI组件创建完成
2024-12-27 19:45:34,046 - DEBUG - UI组件创建完成
2024-12-27 19:45:34,046 - INFO - 开始加载便签内容
2024-12-27 19:45:34,046 - DEBUG - 找到内容文件
2024-12-27 19:45:34,047 - DEBUG - 读取到内容，长度: 0
2024-12-27 19:54:07,944 - INFO - === 便签程序启动 ===
2024-12-27 19:54:07,946 - INFO - 初始化便签 407d4931-a968-495c-9696-6f8462e64cbe
2024-12-27 19:54:07,947 - DEBUG - 窗口基本设置完成
2024-12-27 19:54:07,947 - DEBUG - 开始创建UI组件
2024-12-27 19:54:08,347 - DEBUG - 设置透明度: 1.0
2024-12-27 19:54:08,362 - DEBUG - UI组件创建完成
2024-12-27 19:54:08,362 - DEBUG - UI组件创建完成
2024-12-27 19:54:08,362 - INFO - 开始加载便签内容
2024-12-27 19:54:08,362 - DEBUG - 找到内容文件
2024-12-27 19:54:08,363 - DEBUG - 读取到内容，长度: 0
2024-12-27 19:54:08,364 - DEBUG - 设置透明度: 1.0
2024-12-27 19:54:08,366 - INFO - === 便签程序启动 ===
2024-12-27 19:54:08,366 - INFO - 初始化便签 77d89b87-ec64-4c51-8351-37cd07eaeb09
2024-12-27 19:54:08,366 - DEBUG - 窗口基本设置完成
2024-12-27 19:54:08,366 - DEBUG - 开始创建UI组件
2024-12-27 19:54:08,369 - DEBUG - 设置透明度: 1.0
2024-12-27 19:54:08,370 - DEBUG - UI组件创建完成
2024-12-27 19:54:08,370 - DEBUG - UI组件创建完成
2024-12-27 19:54:08,370 - INFO - 开始加载便签内容
2024-12-27 19:54:08,370 - DEBUG - 找到内容文件
2024-12-27 19:54:08,371 - DEBUG - 读取到内容，长度: 0
2024-12-27 19:54:08,371 - DEBUG - 设置透明度: 1.0
2024-12-27 20:25:49,860 - INFO - === 便签程序启动 ===
2024-12-27 20:25:49,860 - INFO - 初始化便签 1678f2b6-b0a4-4b61-a045-633f5ea087a6
2024-12-27 20:25:49,860 - DEBUG - 窗口基本设置完成
2024-12-27 20:25:49,861 - DEBUG - 开始创建UI组件
2024-12-27 20:25:49,884 - DEBUG - 设置透明度: 1.0
2024-12-27 20:25:50,291 - DEBUG - UI组件创建完成
2024-12-27 20:25:50,291 - DEBUG - UI组件创建完成
2024-12-27 20:25:50,291 - INFO - 开始加载便签内容
2024-12-27 20:25:50,292 - DEBUG - 找到内容文件
2024-12-27 20:25:50,292 - DEBUG - 读取到内容，长度: 0
2024-12-27 20:25:54,417 - INFO - === 便签程序启动 ===
2024-12-27 20:25:54,417 - INFO - 初始化便签 4ced0b18-1f92-42b5-8c94-94aee4702466
2024-12-27 20:25:54,418 - DEBUG - 窗口基本设置完成
2024-12-27 20:25:54,418 - DEBUG - 开始创建UI组件
2024-12-27 20:25:54,420 - DEBUG - 设置透明度: 1.0
2024-12-27 20:25:54,424 - DEBUG - UI组件创建完成
2024-12-27 20:25:54,425 - DEBUG - UI组件创建完成
2024-12-27 20:25:54,425 - INFO - 开始加载便签内容
2024-12-27 20:25:54,425 - DEBUG - 找到内容文件
2024-12-27 20:25:54,425 - DEBUG - 读取到内容，长度: 0
2024-12-27 20:25:58,829 - INFO - === 便签程序启动 ===
2024-12-27 20:25:58,829 - INFO - 初始化便签 452a8cf2-cf27-4c40-a42e-d90847ab809e
2024-12-27 20:25:58,829 - DEBUG - 窗口基本设置完成
2024-12-27 20:25:58,829 - DEBUG - 开始创建UI组件
2024-12-27 20:25:58,833 - DEBUG - 设置透明度: 1.0
2024-12-27 20:25:58,834 - DEBUG - UI组件创建完成
2024-12-27 20:25:58,834 - DEBUG - UI组件创建完成
2024-12-27 20:25:58,834 - INFO - 开始加载便签内容
2024-12-27 20:25:58,835 - DEBUG - 找到内容文件
2024-12-27 20:25:58,835 - DEBUG - 读取到内容，长度: 0
2024-12-27 20:26:19,038 - DEBUG - 开始自动保存
2024-12-27 20:26:19,040 - DEBUG - 内容已保存，长度: 0
2024-12-27 20:26:19,214 - DEBUG - 开始自动保存
2024-12-27 20:26:19,215 - DEBUG - 内容已保存，长度: 0
2024-12-27 20:26:19,394 - DEBUG - 开始自动保存
2024-12-27 20:26:19,395 - DEBUG - 内容已保存，长度: 0
2024-12-27 20:26:19,584 - DEBUG - 开始自动保存
2024-12-27 20:26:19,585 - DEBUG - 内容已保存，长度: 0
2024-12-27 20:26:21,058 - DEBUG - 开始自动保存
2024-12-27 20:26:21,060 - DEBUG - 内容已保存，长度: 0
2024-12-27 20:26:21,192 - DEBUG - 开始自动保存
2024-12-27 20:26:21,193 - DEBUG - 内容已保存，长度: 0
2024-12-27 20:26:21,336 - DEBUG - 开始自动保存
2024-12-27 20:26:21,337 - DEBUG - 内容已保存，长度: 0
2024-12-27 20:26:21,651 - DEBUG - 开始自动保存
2024-12-27 20:26:21,652 - DEBUG - 内容已保存，长度: 0
2024-12-27 20:26:21,692 - DEBUG - 开始自动保存
2024-12-27 20:26:21,693 - DEBUG - 内容已保存，长度: 0
2024-12-27 20:26:21,927 - DEBUG - 开始自动保存
2024-12-27 20:26:21,929 - DEBUG - 内容已保存，长度: 0
2024-12-27 20:26:22,812 - DEBUG - 开始自动保存
2024-12-27 20:26:22,813 - DEBUG - 内容已保存，长度: 0
2024-12-27 20:26:22,970 - DEBUG - 开始自动保存
2024-12-27 20:26:22,971 - DEBUG - 内容已保存，长度: 0
2024-12-27 20:26:23,174 - DEBUG - 开始自动保存
2024-12-27 20:26:23,175 - DEBUG - 内容已保存，长度: 0
2024-12-27 20:26:23,905 - DEBUG - 开始自动保存
2024-12-27 20:26:23,906 - DEBUG - 内容已保存，长度: 0
2024-12-27 20:26:24,040 - DEBUG - 开始自动保存
2024-12-27 20:26:24,041 - DEBUG - 内容已保存，长度: 0
2024-12-27 20:26:24,183 - DEBUG - 开始自动保存
2024-12-27 20:26:24,185 - DEBUG - 内容已保存，长度: 0
2024-12-27 20:26:24,427 - DEBUG - 开始自动保存
2024-12-27 20:26:24,428 - DEBUG - 内容已保存，长度: 0
2024-12-27 20:26:24,430 - DEBUG - 开始自动保存
2024-12-27 20:26:24,431 - DEBUG - 内容已保存，长度: 0
2024-12-27 20:26:24,550 - DEBUG - 开始自动保存
2024-12-27 20:26:24,551 - DEBUG - 内容已保存，长度: 0
2024-12-27 20:26:24,871 - DEBUG - 开始自动保存
2024-12-27 20:26:24,872 - DEBUG - 内容已保存，长度: 0
2024-12-27 20:26:25,104 - DEBUG - 开始自动保存
2024-12-27 20:26:25,105 - DEBUG - 内容已保存，长度: 0
2024-12-27 20:26:25,259 - DEBUG - 开始自动保存
2024-12-27 20:26:25,260 - DEBUG - 内容已保存，长度: 0
2024-12-27 20:26:25,415 - DEBUG - 开始自动保存
2024-12-27 20:26:25,417 - DEBUG - 内容已保存，长度: 0
2024-12-27 20:26:25,933 - DEBUG - 开始自动保存
2024-12-27 20:26:25,934 - DEBUG - 内容已保存，长度: 0
2024-12-27 20:26:26,130 - DEBUG - 开始自动保存
2024-12-27 20:26:26,131 - DEBUG - 内容已保存，长度: 0
2024-12-27 20:26:26,348 - DEBUG - 开始自动保存
2024-12-27 20:26:26,349 - DEBUG - 内容已保存，长度: 0
2024-12-27 20:26:26,505 - DEBUG - 开始自动保存
2024-12-27 20:26:26,506 - DEBUG - 内容已保存，长度: 0
2024-12-27 20:26:26,895 - DEBUG - 开始自动保存
2024-12-27 20:26:26,896 - DEBUG - 内容已保存，长度: 0
2024-12-27 20:26:27,415 - DEBUG - 开始自动保存
2024-12-27 20:26:27,416 - DEBUG - 内容已保存，长度: 0
2024-12-27 20:26:27,513 - DEBUG - 开始自动保存
2024-12-27 20:26:27,514 - DEBUG - 内容已保存，长度: 0
2024-12-27 20:26:27,861 - DEBUG - 开始自动保存
2024-12-27 20:26:27,862 - DEBUG - 内容已保存，长度: 0
2024-12-27 20:26:27,975 - DEBUG - 开始自动保存
2024-12-27 20:26:27,976 - DEBUG - 内容已保存，长度: 0
2024-12-27 20:26:28,865 - DEBUG - 开始自动保存
2024-12-27 20:26:28,866 - DEBUG - 内容已保存，长度: 0
2024-12-27 20:26:29,740 - DEBUG - 开始自动保存
2024-12-27 20:26:29,741 - DEBUG - 内容已保存，长度: 0
2024-12-27 20:26:30,080 - DEBUG - 开始自动保存
2024-12-27 20:26:30,080 - DEBUG - 内容已保存，长度: 0
2024-12-27 20:26:33,041 - DEBUG - 开始自动保存
2024-12-27 20:26:33,042 - DEBUG - 内容已保存，长度: 0
2024-12-27 20:26:33,226 - DEBUG - 开始自动保存
2024-12-27 20:26:33,228 - DEBUG - 内容已保存，长度: 0
2024-12-27 20:26:33,834 - DEBUG - 开始自动保存
2024-12-27 20:26:33,835 - DEBUG - 内容已保存，长度: 1
2024-12-27 20:26:33,835 - DEBUG - 开始自动保存
2024-12-27 20:26:33,836 - DEBUG - 内容已保存，长度: 2
2024-12-27 20:26:33,957 - DEBUG - 开始自动保存
2024-12-27 20:26:33,959 - DEBUG - 内容已保存，长度: 2
2024-12-27 20:26:42,927 - INFO - === 便签程序启动 ===
2024-12-27 20:26:42,928 - INFO - 初始化便签 be596282-cf3f-4350-96df-56c5506689b1
2024-12-27 20:26:42,928 - DEBUG - 窗口基本设置完成
2024-12-27 20:26:42,928 - DEBUG - 开始创建UI组件
2024-12-27 20:26:42,949 - DEBUG - 设置透明度: 1.0
2024-12-27 20:26:43,345 - DEBUG - UI组件创建完成
2024-12-27 20:26:43,345 - DEBUG - UI组件创建完成
2024-12-27 20:26:43,346 - INFO - 开始加载便签内容
2024-12-27 20:26:43,346 - DEBUG - 找到内容文件
2024-12-27 20:26:43,346 - DEBUG - 读取到内容，长度: 2
2024-12-27 20:26:43,347 - DEBUG - 设置透明度: 1.0
2024-12-27 20:26:43,349 - INFO - === 便签程序启动 ===
2024-12-27 20:26:43,349 - INFO - 初始化便签 00d43631-2b75-4714-a926-3e6bb83bc7c7
2024-12-27 20:26:43,349 - DEBUG - 窗口基本设置完成
2024-12-27 20:26:43,349 - DEBUG - 开始创建UI组件
2024-12-27 20:26:43,352 - DEBUG - 设置透明度: 1.0
2024-12-27 20:26:43,357 - DEBUG - UI组件创建完成
2024-12-27 20:26:43,357 - DEBUG - UI组件创建完成
2024-12-27 20:26:43,357 - INFO - 开始加载便签内容
2024-12-27 20:26:43,358 - DEBUG - 找到内容文件
2024-12-27 20:26:43,358 - DEBUG - 读取到内容，长度: 2
2024-12-27 20:26:43,359 - DEBUG - 设置透明度: 1.0
2024-12-27 20:26:43,360 - INFO - === 便签程序启动 ===
2024-12-27 20:26:43,360 - INFO - 初始化便签 4889d284-3a4d-441f-aebb-ce2e6742158e
2024-12-27 20:26:43,361 - DEBUG - 窗口基本设置完成
2024-12-27 20:26:43,361 - DEBUG - 开始创建UI组件
2024-12-27 20:26:43,363 - DEBUG - 设置透明度: 1.0
2024-12-27 20:26:43,364 - DEBUG - UI组件创建完成
2024-12-27 20:26:43,364 - DEBUG - UI组件创建完成
2024-12-27 20:26:43,364 - INFO - 开始加载便签内容
2024-12-27 20:26:43,365 - DEBUG - 找到内容文件
2024-12-27 20:26:43,365 - DEBUG - 读取到内容，长度: 2
2024-12-27 20:26:43,366 - DEBUG - 设置透明度: 1.0
2024-12-27 20:26:46,483 - DEBUG - 开始自动保存
2024-12-27 20:26:46,484 - DEBUG - 内容已保存，长度: 1
2024-12-27 20:26:46,700 - DEBUG - 开始自动保存
2024-12-27 20:26:46,701 - DEBUG - 内容已保存，长度: 0
2024-12-27 20:26:47,621 - DEBUG - 开始自动保存
2024-12-27 20:26:47,622 - DEBUG - 内容已保存，长度: 1
2024-12-27 20:26:47,856 - DEBUG - 开始自动保存
2024-12-27 20:26:47,858 - DEBUG - 内容已保存，长度: 0
2024-12-27 20:26:48,738 - DEBUG - 开始自动保存
2024-12-27 20:26:48,740 - DEBUG - 内容已保存，长度: 1
2024-12-27 20:26:48,969 - DEBUG - 开始自动保存
2024-12-27 20:26:48,971 - DEBUG - 内容已保存，长度: 0
2024-12-27 20:41:39,497 - INFO - === 便签程序启动 ===
2024-12-27 20:41:39,498 - INFO - 初始化便签 be596282-cf3f-4350-96df-56c5506689b1
2024-12-27 20:41:39,499 - DEBUG - 开始创建UI组件
2024-12-27 20:41:39,524 - DEBUG - 设置透明度: 1.0
2024-12-27 20:41:39,940 - DEBUG - UI组件创建完成
2024-12-27 20:41:39,942 - DEBUG - 设置透明度: 1.0
2024-12-27 20:41:39,944 - INFO - === 便签程序启动 ===
2024-12-27 20:41:39,944 - INFO - 初始化便签 00d43631-2b75-4714-a926-3e6bb83bc7c7
2024-12-27 20:41:39,944 - DEBUG - 开始创建UI组件
2024-12-27 20:41:39,949 - DEBUG - 设置透明度: 1.0
2024-12-27 20:41:39,954 - DEBUG - UI组件创建完成
2024-12-27 20:41:39,955 - DEBUG - 设置透明度: 1.0
2024-12-27 20:41:39,957 - INFO - === 便签程序启动 ===
2024-12-27 20:41:39,957 - INFO - 初始化便签 4889d284-3a4d-441f-aebb-ce2e6742158e
2024-12-27 20:41:39,958 - DEBUG - 开始创建UI组件
2024-12-27 20:41:39,960 - DEBUG - 设置透明度: 1.0
2024-12-27 20:41:39,961 - DEBUG - UI组件创建完成
2024-12-27 20:41:39,962 - DEBUG - 设置透明度: 1.0
2024-12-27 20:41:45,456 - INFO - === 便签程序启动 ===
2024-12-27 20:41:45,456 - INFO - 初始化便签 c2b673eb-fa05-4844-bb32-31f2b13fa8b3
2024-12-27 20:41:45,456 - DEBUG - 开始创建UI组件
2024-12-27 20:41:45,460 - DEBUG - 设置透明度: 1.0
2024-12-27 20:41:45,462 - DEBUG - UI组件创建完成
2024-12-27 20:41:55,495 - DEBUG - 开始自动保存
2024-12-27 20:41:55,500 - ERROR - 自动保存时出错: invalid command name ".!toplevel3.!frame.!entry"
2024-12-27 20:41:55,700 - DEBUG - 开始自动保存
2024-12-27 20:41:55,700 - ERROR - 自动保存时出错: invalid command name ".!toplevel3.!frame.!entry"
2024-12-27 20:42:00,982 - DEBUG - 开始自动保存
2024-12-27 20:42:00,983 - ERROR - 自动保存时出错: invalid command name ".!toplevel3.!frame.!entry"
2024-12-27 20:42:01,134 - DEBUG - 开始自动保存
2024-12-27 20:42:01,135 - ERROR - 自动保存时出错: invalid command name ".!toplevel3.!frame.!entry"
2024-12-27 20:42:01,285 - DEBUG - 开始自动保存
2024-12-27 20:42:01,286 - ERROR - 自动保存时出错: invalid command name ".!toplevel3.!frame.!entry"
2024-12-27 20:42:01,383 - DEBUG - 开始自动保存
2024-12-27 20:42:01,384 - ERROR - 自动保存时出错: invalid command name ".!toplevel3.!frame.!entry"
2024-12-27 20:42:01,538 - DEBUG - 开始自动保存
2024-12-27 20:42:01,539 - ERROR - 自动保存时出错: invalid command name ".!toplevel3.!frame.!entry"
2024-12-27 20:42:02,137 - DEBUG - 开始自动保存
2024-12-27 20:42:02,137 - ERROR - 自动保存时出错: invalid command name ".!toplevel3.!frame.!entry"
2024-12-27 20:42:02,383 - DEBUG - 开始自动保存
2024-12-27 20:42:02,384 - ERROR - 自动保存时出错: invalid command name ".!toplevel3.!frame.!entry"
2024-12-27 20:42:02,639 - DEBUG - 开始自动保存
2024-12-27 20:42:02,640 - ERROR - 自动保存时出错: invalid command name ".!toplevel3.!frame.!entry"
2024-12-27 20:42:02,794 - DEBUG - 开始自动保存
2024-12-27 20:42:02,794 - ERROR - 自动保存时出错: invalid command name ".!toplevel3.!frame.!entry"
2024-12-27 20:42:03,169 - DEBUG - 开始自动保存
2024-12-27 20:42:03,169 - ERROR - 自动保存时出错: invalid command name ".!toplevel3.!frame.!entry"
2024-12-27 20:42:03,866 - DEBUG - 开始自动保存
2024-12-27 20:42:03,867 - ERROR - 自动保存时出错: invalid command name ".!toplevel3.!frame.!entry"
2024-12-27 20:42:03,867 - DEBUG - 开始自动保存
2024-12-27 20:42:03,867 - ERROR - 自动保存时出错: invalid command name ".!toplevel3.!frame.!entry"
2024-12-27 20:42:03,868 - DEBUG - 开始自动保存
2024-12-27 20:42:03,868 - ERROR - 自动保存时出错: invalid command name ".!toplevel3.!frame.!entry"
2024-12-27 20:42:03,868 - DEBUG - 开始自动保存
2024-12-27 20:42:03,868 - ERROR - 自动保存时出错: invalid command name ".!toplevel3.!frame.!entry"
2024-12-27 20:42:03,868 - DEBUG - 开始自动保存
2024-12-27 20:42:03,869 - ERROR - 自动保存时出错: invalid command name ".!toplevel3.!frame.!entry"
2024-12-27 20:42:03,961 - DEBUG - 开始自动保存
2024-12-27 20:42:03,962 - ERROR - 自动保存时出错: invalid command name ".!toplevel3.!frame.!entry"
2024-12-27 20:42:06,351 - DEBUG - 开始自动保存
2024-12-27 20:42:06,352 - ERROR - 自动保存时出错: invalid command name ".!toplevel3.!frame.!entry"
2024-12-27 20:42:06,988 - DEBUG - 开始自动保存
2024-12-27 20:42:06,989 - ERROR - 自动保存时出错: invalid command name ".!toplevel3.!frame.!entry"
2024-12-27 20:42:07,251 - DEBUG - 开始自动保存
2024-12-27 20:42:07,252 - ERROR - 自动保存时出错: invalid command name ".!toplevel3.!frame.!entry"
2024-12-27 20:42:07,406 - DEBUG - 开始自动保存
2024-12-27 20:42:07,407 - ERROR - 自动保存时出错: invalid command name ".!toplevel3.!frame.!entry"
2024-12-27 20:42:07,873 - DEBUG - 开始自动保存
2024-12-27 20:42:07,874 - ERROR - 自动保存时出错: invalid command name ".!toplevel3.!frame.!entry"
2024-12-27 20:42:08,319 - DEBUG - 开始自动保存
2024-12-27 20:42:08,319 - ERROR - 自动保存时出错: invalid command name ".!toplevel3.!frame.!entry"
2024-12-27 20:42:08,926 - DEBUG - 开始自动保存
2024-12-27 20:42:08,927 - ERROR - 自动保存时出错: invalid command name ".!toplevel3.!frame.!entry"
2024-12-27 20:42:08,932 - DEBUG - 开始自动保存
2024-12-27 20:42:08,932 - ERROR - 自动保存时出错: invalid command name ".!toplevel3.!frame.!entry"
2024-12-27 20:42:08,933 - DEBUG - 开始自动保存
2024-12-27 20:42:08,934 - ERROR - 自动保存时出错: invalid command name ".!toplevel3.!frame.!entry"
2024-12-27 20:42:08,964 - DEBUG - 开始自动保存
2024-12-27 20:42:08,965 - ERROR - 自动保存时出错: invalid command name ".!toplevel3.!frame.!entry"
2024-12-27 20:42:09,465 - DEBUG - 开始自动保存
2024-12-27 20:42:09,465 - ERROR - 自动保存时出错: invalid command name ".!toplevel3.!frame.!entry"
2024-12-27 20:42:09,636 - DEBUG - 开始自动保存
2024-12-27 20:42:09,636 - ERROR - 自动保存时出错: invalid command name ".!toplevel3.!frame.!entry"
2024-12-27 20:42:09,917 - DEBUG - 开始自动保存
2024-12-27 20:42:09,918 - ERROR - 自动保存时出错: invalid command name ".!toplevel3.!frame.!entry"
2024-12-27 20:42:10,390 - DEBUG - 开始自动保存
2024-12-27 20:42:10,391 - ERROR - 自动保存时出错: invalid command name ".!toplevel3.!frame.!entry"
2024-12-27 20:42:10,620 - DEBUG - 开始自动保存
2024-12-27 20:42:10,621 - ERROR - 自动保存时出错: invalid command name ".!toplevel3.!frame.!entry"
2024-12-27 20:42:10,718 - DEBUG - 开始自动保存
2024-12-27 20:42:10,718 - ERROR - 自动保存时出错: invalid command name ".!toplevel3.!frame.!entry"
2024-12-27 20:42:11,037 - DEBUG - 开始自动保存
2024-12-27 20:42:11,037 - ERROR - 自动保存时出错: invalid command name ".!toplevel3.!frame.!entry"
2024-12-27 20:42:11,040 - DEBUG - 开始自动保存
2024-12-27 20:42:11,040 - ERROR - 自动保存时出错: invalid command name ".!toplevel3.!frame.!entry"
2024-12-27 20:42:11,042 - DEBUG - 开始自动保存
2024-12-27 20:42:11,043 - ERROR - 自动保存时出错: invalid command name ".!toplevel3.!frame.!entry"
2024-12-27 20:42:11,176 - DEBUG - 开始自动保存
2024-12-27 20:42:11,176 - ERROR - 自动保存时出错: invalid command name ".!toplevel3.!frame.!entry"
2024-12-27 20:42:11,867 - DEBUG - 开始自动保存
2024-12-27 20:42:11,867 - ERROR - 自动保存时出错: invalid command name ".!toplevel3.!frame.!entry"
2024-12-27 20:42:12,043 - DEBUG - 开始自动保存
2024-12-27 20:42:12,044 - ERROR - 自动保存时出错: invalid command name ".!toplevel3.!frame.!entry"
2024-12-27 20:42:12,160 - DEBUG - 开始自动保存
2024-12-27 20:42:12,160 - ERROR - 自动保存时出错: invalid command name ".!toplevel3.!frame.!entry"
2024-12-27 20:42:12,408 - DEBUG - 开始自动保存
2024-12-27 20:42:12,408 - ERROR - 自动保存时出错: invalid command name ".!toplevel3.!frame.!entry"
2024-12-27 20:42:12,868 - DEBUG - 开始自动保存
2024-12-27 20:42:12,869 - ERROR - 自动保存时出错: invalid command name ".!toplevel3.!frame.!entry"
2024-12-27 20:42:13,028 - DEBUG - 开始自动保存
2024-12-27 20:42:13,029 - ERROR - 自动保存时出错: invalid command name ".!toplevel3.!frame.!entry"
2024-12-27 20:42:13,211 - DEBUG - 开始自动保存
2024-12-27 20:42:13,212 - ERROR - 自动保存时出错: invalid command name ".!toplevel3.!frame.!entry"
2024-12-27 20:42:13,516 - DEBUG - 开始自动保存
2024-12-27 20:42:13,517 - ERROR - 自动保存时出错: invalid command name ".!toplevel3.!frame.!entry"
2024-12-27 20:42:13,765 - DEBUG - 开始自动保存
2024-12-27 20:42:13,766 - ERROR - 自动保存时出错: invalid command name ".!toplevel3.!frame.!entry"
2024-12-27 20:42:14,047 - DEBUG - 开始自动保存
2024-12-27 20:42:14,048 - ERROR - 自动保存时出错: invalid command name ".!toplevel3.!frame.!entry"
2024-12-27 20:42:14,149 - DEBUG - 开始自动保存
2024-12-27 20:42:14,149 - ERROR - 自动保存时出错: invalid command name ".!toplevel3.!frame.!entry"
2024-12-27 20:42:14,358 - DEBUG - 开始自动保存
2024-12-27 20:42:14,359 - ERROR - 自动保存时出错: invalid command name ".!toplevel3.!frame.!entry"
2024-12-27 20:42:14,380 - DEBUG - 开始自动保存
2024-12-27 20:42:14,381 - ERROR - 自动保存时出错: invalid command name ".!toplevel3.!frame.!entry"
2024-12-27 20:42:14,684 - DEBUG - 开始自动保存
2024-12-27 20:42:14,684 - ERROR - 自动保存时出错: invalid command name ".!toplevel3.!frame.!entry"
2024-12-27 20:42:14,689 - DEBUG - 开始自动保存
2024-12-27 20:42:14,689 - ERROR - 自动保存时出错: invalid command name ".!toplevel3.!frame.!entry"
2024-12-27 20:42:14,690 - DEBUG - 开始自动保存
2024-12-27 20:42:14,690 - ERROR - 自动保存时出错: invalid command name ".!toplevel3.!frame.!entry"
2024-12-27 20:42:14,692 - DEBUG - 开始自动保存
2024-12-27 20:42:14,692 - ERROR - 自动保存时出错: invalid command name ".!toplevel3.!frame.!entry"
2024-12-27 20:42:14,812 - DEBUG - 开始自动保存
2024-12-27 20:42:14,812 - ERROR - 自动保存时出错: invalid command name ".!toplevel3.!frame.!entry"
2024-12-27 20:42:18,086 - DEBUG - 开始自动保存
2024-12-27 20:42:18,086 - ERROR - 自动保存时出错: invalid command name ".!toplevel3.!frame.!entry"
2024-12-27 20:42:18,218 - DEBUG - 开始自动保存
2024-12-27 20:42:18,219 - ERROR - 自动保存时出错: invalid command name ".!toplevel3.!frame.!entry"
2024-12-27 20:42:18,383 - DEBUG - 开始自动保存
2024-12-27 20:42:18,383 - ERROR - 自动保存时出错: invalid command name ".!toplevel3.!frame.!entry"
2024-12-27 20:42:18,521 - DEBUG - 开始自动保存
2024-12-27 20:42:18,521 - ERROR - 自动保存时出错: invalid command name ".!toplevel3.!frame.!entry"
2024-12-27 20:42:19,212 - DEBUG - 开始自动保存
2024-12-27 20:42:19,213 - ERROR - 自动保存时出错: invalid command name ".!toplevel3.!frame.!entry"
2024-12-27 20:42:19,384 - DEBUG - 开始自动保存
2024-12-27 20:42:19,385 - ERROR - 自动保存时出错: invalid command name ".!toplevel3.!frame.!entry"
2024-12-27 20:42:19,991 - DEBUG - 开始自动保存
2024-12-27 20:42:19,992 - ERROR - 自动保存时出错: invalid command name ".!toplevel3.!frame.!entry"
2024-12-27 20:42:19,992 - DEBUG - 开始自动保存
2024-12-27 20:42:19,992 - ERROR - 自动保存时出错: invalid command name ".!toplevel3.!frame.!entry"
2024-12-27 20:42:20,048 - DEBUG - 开始自动保存
2024-12-27 20:42:20,049 - ERROR - 自动保存时出错: invalid command name ".!toplevel3.!frame.!entry"
2024-12-27 20:42:20,363 - DEBUG - 开始自动保存
2024-12-27 20:42:20,363 - ERROR - 自动保存时出错: invalid command name ".!toplevel3.!frame.!entry"
2024-12-27 20:42:22,842 - DEBUG - 开始自动保存
2024-12-27 20:42:22,843 - ERROR - 自动保存时出错: invalid command name ".!toplevel3.!frame.!entry"
2024-12-27 20:42:23,124 - DEBUG - 开始自动保存
2024-12-27 20:42:23,125 - ERROR - 自动保存时出错: invalid command name ".!toplevel3.!frame.!entry"
2024-12-27 20:42:23,298 - DEBUG - 开始自动保存
2024-12-27 20:42:23,298 - ERROR - 自动保存时出错: invalid command name ".!toplevel3.!frame.!entry"
2024-12-27 20:42:24,235 - DEBUG - 开始自动保存
2024-12-27 20:42:24,236 - ERROR - 自动保存时出错: invalid command name ".!toplevel3.!frame.!entry"
2024-12-27 20:42:24,887 - DEBUG - 开始自动保存
2024-12-27 20:42:24,887 - ERROR - 自动保存时出错: invalid command name ".!toplevel3.!frame.!entry"
2024-12-27 20:42:25,202 - DEBUG - 开始自动保存
2024-12-27 20:42:25,202 - ERROR - 自动保存时出错: invalid command name ".!toplevel3.!frame.!entry"
2024-12-27 20:42:26,037 - DEBUG - 开始自动保存
2024-12-27 20:42:26,038 - ERROR - 自动保存时出错: invalid command name ".!toplevel3.!frame.!entry"
2024-12-27 20:42:26,265 - DEBUG - 开始自动保存
2024-12-27 20:42:26,266 - ERROR - 自动保存时出错: invalid command name ".!toplevel3.!frame.!entry"
2024-12-27 20:42:26,403 - DEBUG - 开始自动保存
2024-12-27 20:42:26,404 - ERROR - 自动保存时出错: invalid command name ".!toplevel3.!frame.!entry"
2024-12-27 20:42:26,871 - DEBUG - 开始自动保存
2024-12-27 20:42:26,872 - ERROR - 自动保存时出错: invalid command name ".!toplevel3.!frame.!entry"
2024-12-27 20:42:26,872 - DEBUG - 开始自动保存
2024-12-27 20:42:26,872 - ERROR - 自动保存时出错: invalid command name ".!toplevel3.!frame.!entry"
2024-12-27 20:42:26,872 - DEBUG - 开始自动保存
2024-12-27 20:42:26,873 - ERROR - 自动保存时出错: invalid command name ".!toplevel3.!frame.!entry"
2024-12-27 20:42:26,873 - DEBUG - 开始自动保存
2024-12-27 20:42:26,873 - ERROR - 自动保存时出错: invalid command name ".!toplevel3.!frame.!entry"
2024-12-27 20:42:26,874 - DEBUG - 开始自动保存
2024-12-27 20:42:26,874 - ERROR - 自动保存时出错: invalid command name ".!toplevel3.!frame.!entry"
2024-12-27 20:42:26,874 - DEBUG - 开始自动保存
2024-12-27 20:42:26,875 - ERROR - 自动保存时出错: invalid command name ".!toplevel3.!frame.!entry"
2024-12-27 20:42:26,875 - DEBUG - 开始自动保存
2024-12-27 20:42:26,875 - ERROR - 自动保存时出错: invalid command name ".!toplevel3.!frame.!entry"
2024-12-27 20:42:28,314 - DEBUG - 开始自动保存
2024-12-27 20:42:28,314 - ERROR - 自动保存时出错: invalid command name ".!toplevel3.!frame.!entry"
2024-12-27 20:42:28,315 - DEBUG - 开始自动保存
2024-12-27 20:42:28,315 - ERROR - 自动保存时出错: invalid command name ".!toplevel3.!frame.!entry"
2024-12-27 20:42:38,354 - INFO - === 便签程序启动 ===
2024-12-27 20:42:38,355 - INFO - 初始化便签 be596282-cf3f-4350-96df-56c5506689b1
2024-12-27 20:42:38,355 - DEBUG - 开始创建UI组件
2024-12-27 20:42:38,377 - DEBUG - 设置透明度: 1.0
2024-12-27 20:42:38,771 - DEBUG - UI组件创建完成
2024-12-27 20:42:38,773 - DEBUG - 设置透明度: 1.0
2024-12-27 20:42:38,775 - INFO - === 便签程序启动 ===
2024-12-27 20:42:38,775 - INFO - 初始化便签 00d43631-2b75-4714-a926-3e6bb83bc7c7
2024-12-27 20:42:38,776 - DEBUG - 开始创建UI组件
2024-12-27 20:42:38,779 - DEBUG - 设置透明度: 1.0
2024-12-27 20:42:38,785 - DEBUG - UI组件创建完成
2024-12-27 20:42:38,786 - DEBUG - 设置透明度: 1.0
2024-12-27 20:42:38,788 - INFO - === 便签程序启动 ===
2024-12-27 20:42:38,788 - INFO - 初始化便签 4889d284-3a4d-441f-aebb-ce2e6742158e
2024-12-27 20:42:38,788 - DEBUG - 开始创建UI组件
2024-12-27 20:42:38,791 - DEBUG - 设置透明度: 1.0
2024-12-27 20:42:38,792 - DEBUG - UI组件创建完成
2024-12-27 20:42:38,793 - DEBUG - 设置透明度: 1.0
2024-12-27 20:42:38,795 - INFO - === 便签程序启动 ===
2024-12-27 20:42:38,795 - INFO - 初始化便签 c2b673eb-fa05-4844-bb32-31f2b13fa8b3
2024-12-27 20:42:38,795 - DEBUG - 开始创建UI组件
2024-12-27 20:42:38,799 - DEBUG - 设置透明度: 1.0
2024-12-27 20:42:38,800 - DEBUG - UI组件创建完成
2024-12-27 20:42:38,801 - DEBUG - 设置透明度: 1.0
2024-12-27 20:45:25,204 - INFO - === 便签程序启动 ===
2024-12-27 20:45:25,204 - INFO - 初始化便签 be596282-cf3f-4350-96df-56c5506689b1
2024-12-27 20:45:25,204 - DEBUG - 开始创建UI组件
2024-12-27 20:45:25,225 - DEBUG - 设置透明度: 1.0
2024-12-27 20:45:25,630 - DEBUG - UI组件创建完成
2024-12-27 20:45:25,632 - DEBUG - 设置透明度: 1.0
2024-12-27 20:45:25,634 - INFO - === 便签程序启动 ===
2024-12-27 20:45:25,634 - INFO - 初始化便签 00d43631-2b75-4714-a926-3e6bb83bc7c7
2024-12-27 20:45:25,634 - DEBUG - 开始创建UI组件
2024-12-27 20:45:25,637 - DEBUG - 设置透明度: 1.0
2024-12-27 20:45:25,643 - DEBUG - UI组件创建完成
2024-12-27 20:45:25,644 - DEBUG - 设置透明度: 1.0
2024-12-27 20:45:25,645 - INFO - === 便签程序启动 ===
2024-12-27 20:45:25,645 - INFO - 初始化便签 4889d284-3a4d-441f-aebb-ce2e6742158e
2024-12-27 20:45:25,646 - DEBUG - 开始创建UI组件
2024-12-27 20:45:25,648 - DEBUG - 设置透明度: 1.0
2024-12-27 20:45:25,649 - DEBUG - UI组件创建完成
2024-12-27 20:45:25,650 - DEBUG - 设置透明度: 1.0
2024-12-27 20:45:25,652 - INFO - === 便签程序启动 ===
2024-12-27 20:45:25,652 - INFO - 初始化便签 c2b673eb-fa05-4844-bb32-31f2b13fa8b3
2024-12-27 20:45:25,652 - DEBUG - 开始创建UI组件
2024-12-27 20:45:25,656 - DEBUG - 设置透明度: 1.0
2024-12-27 20:45:25,658 - DEBUG - UI组件创建完成
2024-12-27 20:45:25,658 - DEBUG - 设置透明度: 1.0
2024-12-27 20:45:35,443 - INFO - === 便签程序启动 ===
2024-12-27 20:45:35,444 - INFO - 初始化便签 8449d6cc-2e4f-404f-a92d-dfb87ec426ed
2024-12-27 20:45:35,444 - DEBUG - 开始创建UI组件
2024-12-27 20:45:35,448 - DEBUG - 设置透明度: 1.0
2024-12-27 20:45:35,450 - DEBUG - UI组件创建完成
2024-12-27 20:45:39,356 - DEBUG - 开始自动保存
2024-12-27 20:45:39,358 - DEBUG - 内容已保存
2024-12-27 20:45:39,820 - DEBUG - 开始自动保存
2024-12-27 20:45:39,821 - DEBUG - 内容已保存
2024-12-27 20:45:40,028 - DEBUG - 开始自动保存
2024-12-27 20:45:40,030 - DEBUG - 内容已保存
2024-12-27 20:45:41,288 - DEBUG - 开始自动保存
2024-12-27 20:45:41,290 - DEBUG - 内容已保存
2024-12-27 20:45:41,495 - DEBUG - 开始自动保存
2024-12-27 20:45:41,497 - DEBUG - 内容已保存
2024-12-27 20:45:41,638 - DEBUG - 开始自动保存
2024-12-27 20:45:41,641 - DEBUG - 内容已保存
2024-12-27 20:45:43,751 - DEBUG - 开始自动保存
2024-12-27 20:45:43,753 - DEBUG - 内容已保存
2024-12-27 20:45:43,926 - DEBUG - 开始自动保存
2024-12-27 20:45:43,927 - DEBUG - 内容已保存
2024-12-27 20:45:44,116 - DEBUG - 开始自动保存
2024-12-27 20:45:44,118 - DEBUG - 内容已保存
2024-12-27 20:45:44,442 - DEBUG - 开始自动保存
2024-12-27 20:45:44,444 - DEBUG - 内容已保存
2024-12-27 20:45:45,199 - DEBUG - 开始自动保存
2024-12-27 20:45:45,201 - DEBUG - 内容已保存
2024-12-27 20:45:45,403 - DEBUG - 开始自动保存
2024-12-27 20:45:45,405 - DEBUG - 内容已保存
2024-12-27 20:45:45,651 - DEBUG - 开始自动保存
2024-12-27 20:45:45,653 - DEBUG - 内容已保存
2024-12-27 20:45:47,387 - DEBUG - 开始自动保存
2024-12-27 20:45:47,390 - DEBUG - 内容已保存
2024-12-27 20:45:48,293 - DEBUG - 开始自动保存
2024-12-27 20:45:48,295 - DEBUG - 内容已保存
2024-12-27 20:45:48,295 - DEBUG - 开始自动保存
2024-12-27 20:45:48,296 - DEBUG - 内容已保存
2024-12-27 20:45:48,399 - DEBUG - 开始自动保存
2024-12-27 20:45:48,401 - DEBUG - 内容已保存
2024-12-27 20:45:48,914 - DEBUG - 开始自动保存
2024-12-27 20:45:48,916 - DEBUG - 内容已保存
2024-12-27 20:45:59,319 - INFO - === 便签程序启动 ===
2024-12-27 20:45:59,319 - INFO - 初始化便签 be596282-cf3f-4350-96df-56c5506689b1
2024-12-27 20:45:59,320 - DEBUG - 开始创建UI组件
2024-12-27 20:45:59,344 - DEBUG - 设置透明度: 1.0
2024-12-27 20:45:59,735 - DEBUG - UI组件创建完成
2024-12-27 20:45:59,737 - DEBUG - 设置透明度: 1.0
2024-12-27 20:45:59,740 - INFO - === 便签程序启动 ===
2024-12-27 20:45:59,740 - INFO - 初始化便签 00d43631-2b75-4714-a926-3e6bb83bc7c7
2024-12-27 20:45:59,740 - DEBUG - 开始创建UI组件
2024-12-27 20:45:59,747 - DEBUG - 设置透明度: 1.0
2024-12-27 20:45:59,751 - DEBUG - UI组件创建完成
2024-12-27 20:45:59,753 - DEBUG - 设置透明度: 1.0
2024-12-27 20:45:59,754 - INFO - === 便签程序启动 ===
2024-12-27 20:45:59,754 - INFO - 初始化便签 4889d284-3a4d-441f-aebb-ce2e6742158e
2024-12-27 20:45:59,755 - DEBUG - 开始创建UI组件
2024-12-27 20:45:59,757 - DEBUG - 设置透明度: 1.0
2024-12-27 20:45:59,759 - DEBUG - UI组件创建完成
2024-12-27 20:45:59,760 - DEBUG - 设置透明度: 1.0
2024-12-27 20:45:59,761 - INFO - === 便签程序启动 ===
2024-12-27 20:45:59,761 - INFO - 初始化便签 c2b673eb-fa05-4844-bb32-31f2b13fa8b3
2024-12-27 20:45:59,761 - DEBUG - 开始创建UI组件
2024-12-27 20:45:59,765 - DEBUG - 设置透明度: 1.0
2024-12-27 20:45:59,766 - DEBUG - UI组件创建完成
2024-12-27 20:45:59,767 - DEBUG - 设置透明度: 1.0
2024-12-27 20:45:59,768 - INFO - === 便签程序启动 ===
2024-12-27 20:45:59,768 - INFO - 初始化便签 8449d6cc-2e4f-404f-a92d-dfb87ec426ed
2024-12-27 20:45:59,769 - DEBUG - 开始创建UI组件
2024-12-27 20:45:59,774 - DEBUG - 设置透明度: 1.0
2024-12-27 20:45:59,775 - DEBUG - UI组件创建完成
2024-12-27 20:45:59,776 - DEBUG - 设置透明度: 1.0
2024-12-27 20:46:26,426 - INFO - === 便签程序启动 ===
2024-12-27 20:46:26,426 - INFO - 初始化便签 be596282-cf3f-4350-96df-56c5506689b1
2024-12-27 20:46:26,427 - DEBUG - 开始创建UI组件
2024-12-27 20:46:26,450 - DEBUG - 设置透明度: 1.0
2024-12-27 20:46:26,856 - DEBUG - UI组件创建完成
2024-12-27 20:46:26,858 - DEBUG - 设置透明度: 1.0
2024-12-27 20:46:26,860 - INFO - === 便签程序启动 ===
2024-12-27 20:46:26,860 - INFO - 初始化便签 00d43631-2b75-4714-a926-3e6bb83bc7c7
2024-12-27 20:46:26,861 - DEBUG - 开始创建UI组件
2024-12-27 20:46:26,865 - DEBUG - 设置透明度: 1.0
2024-12-27 20:46:26,869 - DEBUG - UI组件创建完成
2024-12-27 20:46:26,870 - DEBUG - 设置透明度: 1.0
2024-12-27 20:46:26,871 - INFO - === 便签程序启动 ===
2024-12-27 20:46:26,871 - INFO - 初始化便签 4889d284-3a4d-441f-aebb-ce2e6742158e
2024-12-27 20:46:26,871 - DEBUG - 开始创建UI组件
2024-12-27 20:46:26,874 - DEBUG - 设置透明度: 1.0
2024-12-27 20:46:26,875 - DEBUG - UI组件创建完成
2024-12-27 20:46:26,876 - DEBUG - 设置透明度: 1.0
2024-12-27 20:46:26,878 - INFO - === 便签程序启动 ===
2024-12-27 20:46:26,878 - INFO - 初始化便签 c2b673eb-fa05-4844-bb32-31f2b13fa8b3
2024-12-27 20:46:26,878 - DEBUG - 开始创建UI组件
2024-12-27 20:46:26,883 - DEBUG - 设置透明度: 1.0
2024-12-27 20:46:26,885 - DEBUG - UI组件创建完成
2024-12-27 20:46:26,885 - DEBUG - 设置透明度: 1.0
2024-12-27 20:46:26,887 - INFO - === 便签程序启动 ===
2024-12-27 20:46:26,887 - INFO - 初始化便签 8449d6cc-2e4f-404f-a92d-dfb87ec426ed
2024-12-27 20:46:26,887 - DEBUG - 开始创建UI组件
2024-12-27 20:46:26,890 - DEBUG - 设置透明度: 1.0
2024-12-27 20:46:26,891 - DEBUG - UI组件创建完成
2024-12-27 20:46:26,892 - DEBUG - 设置透明度: 1.0
2024-12-27 21:41:55,999 - INFO - 初始化便签 be596282-cf3f-4350-96df-56c5506689b1
2024-12-27 21:41:55,999 - DEBUG - 开始创建UI组件
2024-12-27 21:41:56,441 - INFO - 初始化便签 00d43631-2b75-4714-a926-3e6bb83bc7c7
2024-12-27 21:41:56,441 - DEBUG - 开始创建UI组件
2024-12-27 21:41:56,457 - INFO - 初始化便签 c2b673eb-fa05-4844-bb32-31f2b13fa8b3
2024-12-27 21:41:56,472 - DEBUG - 开始创建UI组件
2024-12-27 21:41:56,490 - INFO - 初始化便签 8449d6cc-2e4f-404f-a92d-dfb87ec426ed
2024-12-27 21:41:56,490 - DEBUG - 开始创建UI组件
2024-12-27 21:42:07,579 - INFO - 初始化便签 be596282-cf3f-4350-96df-56c5506689b1
2024-12-27 21:42:07,580 - DEBUG - 开始创建UI组件
2024-12-27 21:42:08,030 - INFO - 初始化便签 00d43631-2b75-4714-a926-3e6bb83bc7c7
2024-12-27 21:42:08,030 - DEBUG - 开始创建UI组件
2024-12-27 21:42:08,056 - INFO - 初始化便签 c2b673eb-fa05-4844-bb32-31f2b13fa8b3
2024-12-27 21:42:08,056 - DEBUG - 开始创建UI组件
2024-12-27 21:42:08,078 - INFO - 初始化便签 8449d6cc-2e4f-404f-a92d-dfb87ec426ed
2024-12-27 21:42:08,078 - DEBUG - 开始创建UI组件
2024-12-27 21:42:43,313 - INFO - 初始化便签 be596282-cf3f-4350-96df-56c5506689b1
2024-12-27 21:42:43,314 - DEBUG - 开始创建UI组件
2024-12-27 21:42:43,732 - INFO - 初始化便签 00d43631-2b75-4714-a926-3e6bb83bc7c7
2024-12-27 21:42:43,733 - DEBUG - 开始创建UI组件
2024-12-27 21:42:43,757 - INFO - 初始化便签 c2b673eb-fa05-4844-bb32-31f2b13fa8b3
2024-12-27 21:42:43,758 - DEBUG - 开始创建UI组件
2024-12-27 21:42:43,779 - INFO - 初始化便签 8449d6cc-2e4f-404f-a92d-dfb87ec426ed
2024-12-27 21:42:43,779 - DEBUG - 开始创建UI组件
2024-12-27 21:47:36,846 - INFO - 初始化便签 be596282-cf3f-4350-96df-56c5506689b1
2024-12-27 21:47:36,846 - DEBUG - 开始创建UI组件
2024-12-27 21:47:37,322 - INFO - 初始化便签 00d43631-2b75-4714-a926-3e6bb83bc7c7
2024-12-27 21:47:37,323 - DEBUG - 开始创建UI组件
2024-12-27 21:47:37,351 - INFO - 初始化便签 c2b673eb-fa05-4844-bb32-31f2b13fa8b3
2024-12-27 21:47:37,352 - DEBUG - 开始创建UI组件
2024-12-27 21:47:37,376 - INFO - 初始化便签 8449d6cc-2e4f-404f-a92d-dfb87ec426ed
2024-12-27 21:47:37,376 - DEBUG - 开始创建UI组件
2024-12-27 21:48:36,337 - INFO - 初始化便签 be596282-cf3f-4350-96df-56c5506689b1
2024-12-27 21:48:36,338 - DEBUG - 开始创建UI组件
2024-12-27 21:48:36,788 - INFO - 初始化便签 00d43631-2b75-4714-a926-3e6bb83bc7c7
2024-12-27 21:48:36,788 - DEBUG - 开始创建UI组件
2024-12-27 21:48:36,812 - INFO - 初始化便签 c2b673eb-fa05-4844-bb32-31f2b13fa8b3
2024-12-27 21:48:36,813 - DEBUG - 开始创建UI组件
2024-12-27 21:48:36,830 - INFO - 初始化便签 8449d6cc-2e4f-404f-a92d-dfb87ec426ed
2024-12-27 21:48:36,831 - DEBUG - 开始创建UI组件
